\BOOKMARK [0][-]{chapter.1}{\376\377\000R\000e\000s\000u\000l\000t\000s}{}% 1
\BOOKMARK [1][-]{section.1.1}{\376\377\000M\000e\000t\000r\000i\000c\000h\000e\000\040\000d\000i\000\040\000V\000a\000l\000u\000t\000a\000z\000i\000o\000n\000e}{chapter.1}% 2
\BOOKMARK [2][-]{subsection.1.1.1}{\376\377\000A\000c\000c\000u\000r\000a\000c\000y}{section.1.1}% 3
\BOOKMARK [2][-]{subsection.1.1.2}{\376\377\000P\000r\000e\000c\000i\000s\000i\000o\000n}{section.1.1}% 4
\BOOKMARK [2][-]{subsection.1.1.3}{\376\377\000R\000e\000c\000a\000l\000l}{section.1.1}% 5
\BOOKMARK [2][-]{subsection.1.1.4}{\376\377\000F\0001\000\040\000S\000c\000o\000r\000e}{section.1.1}% 6
\BOOKMARK [1][-]{section.1.2}{\376\377\000R\000i\000s\000u\000l\000t\000a\000t\000i\000\040\000m\000o\000d\000e\000l\000l\000i\000\040\000s\000u\000l\000\040\000B\000y\000t\000e\000c\000o\000d\000e}{chapter.1}% 7
\BOOKMARK [2][-]{subsection.1.2.1}{\376\377\000B\000E\000R\000T}{section.1.2}% 8
\BOOKMARK [2][-]{subsection.1.2.2}{\376\377\000C\000o\000d\000e\000B\000e\000r\000t}{section.1.2}% 9
\BOOKMARK [2][-]{subsection.1.2.3}{\376\377\000C\000o\000d\000e\000B\000e\000r\000t\000\040\000A\000g\000g\000r\000e\000g\000a\000z\000i\000o\000n\000e\000\040\000d\000i\000\040\000d\000u\000e\000\040\000c\000h\000u\000n\000k}{section.1.2}% 10
\BOOKMARK [2][-]{subsection.1.2.4}{\376\377\000C\000o\000d\000e\000B\000e\000r\000t\000\040\000A\000g\000g\000r\000e\000g\000a\000z\000i\000o\000n\000e\000\040\000d\000i\000\040\000t\000r\000e\000\040\000c\000h\000u\000n\000k}{section.1.2}% 11
\BOOKMARK [2][-]{subsection.1.2.5}{\376\377\000C\000o\000d\000e\000B\000E\000R\000T\000\040\000c\000o\000n\000\040\000C\000o\000n\000c\000a\000t\000e\000n\000a\000z\000i\000o\000n\000e}{section.1.2}% 12
\BOOKMARK [2][-]{subsection.1.2.6}{\376\377\000A\000n\000a\000l\000i\000s\000i}{section.1.2}% 13
\BOOKMARK [1][-]{section.1.3}{\376\377\000R\000i\000s\000u\000l\000t\000a\000t\000i\000\040\000s\000u\000l\000\040\000C\000o\000d\000i\000c\000e\000\040\000S\000o\000r\000g\000e\000n\000t\000e\000\040\000S\000o\000l\000i\000d\000i\000t\000y}{chapter.1}% 14
\BOOKMARK [2][-]{subsection.1.3.1}{\376\377\000B\000E\000R\000T}{section.1.3}% 15
\BOOKMARK [2][-]{subsection.1.3.2}{\376\377\000C\000o\000d\000e\000B\000e\000r\000t}{section.1.3}% 16
\BOOKMARK [2][-]{subsection.1.3.3}{\376\377\000D\000i\000s\000t\000i\000l\000B\000e\000r\000t}{section.1.3}% 17
\BOOKMARK [2][-]{subsection.1.3.4}{\376\377\000C\000o\000d\000e\000B\000E\000R\000T\000\040\000c\000o\000n\000\040\000c\000o\000n\000c\000a\000t\000e\000n\000a\000z\000i\000o\000n\000e}{section.1.3}% 18
\BOOKMARK [2][-]{subsection.1.3.5}{\376\377\000C\000o\000d\000e\000B\000e\000r\000t\000\040\000A\000g\000g\000r\000e\000g\000a\000z\000i\000o\000n\000e\000\040\000d\000i\000\040\000d\000u\000e\000\040\000c\000h\000u\000n\000k}{section.1.3}% 19
\BOOKMARK [2][-]{subsection.1.3.6}{\376\377\000C\000o\000d\000e\000B\000e\000r\000t\000\040\000A\000g\000g\000r\000e\000g\000a\000z\000i\000o\000n\000e\000\040\000d\000i\000\040\000t\000r\000e\000\040\000c\000h\000u\000n\000k}{section.1.3}% 20
\BOOKMARK [2][-]{subsection.1.3.7}{\376\377\000A\000n\000a\000l\000i\000s\000i}{section.1.3}% 21
\BOOKMARK [1][-]{section.1.4}{\376\377\000R\000i\000s\000u\000l\000t\000a\000t\000i\000\040\000S\000t\000a\000c\000k\000i\000n\000g}{chapter.1}% 22
\BOOKMARK [2][-]{subsection.1.4.1}{\376\377\000R\000i\000s\000u\000l\000t\000a\000t\000i\000\040\000m\000e\000t\000a\000-\000c\000l\000a\000s\000s\000i\000f\000i\000c\000a\000t\000o\000r\000i}{section.1.4}% 23
\BOOKMARK [2][-]{subsection.1.4.2}{\376\377\000R\000e\000g\000r\000e\000s\000s\000i\000o\000n\000e\000\040\000L\000o\000g\000i\000s\000t\000i\000c\000a}{section.1.4}% 24
\BOOKMARK [1][-]{section.1.5}{\376\377\000R\000i\000s\000u\000l\000t\000a\000t\000i\000\040\000G\000e\000m\000i\000n\000i}{chapter.1}% 25
