\BOOKMARK [0][-]{chapter.1}{\376\377\000I\000n\000t\000r\000o\000d\000u\000z\000i\000o\000n\000e}{}% 1
\BOOKMARK [0][-]{chapter.2}{\376\377\000M\000o\000t\000i\000v\000a\000z\000i\000o\000n\000i\000\040\000e\000\040\000L\000a\000v\000o\000r\000i\000\040\000C\000o\000r\000r\000e\000l\000a\000t\000i}{}% 2
\BOOKMARK [1][-]{section.2.1}{\376\377\000M\000o\000t\000i\000v\000a\000z\000i\000o\000n\000i}{chapter.2}% 3
\BOOKMARK [2][-]{subsection.2.1.1}{\376\377\000B\000l\000o\000c\000k\000c\000h\000a\000i\000n}{section.2.1}% 4
\BOOKMARK [2][-]{subsection.2.1.2}{\376\377\000E\000t\000h\000e\000r\000e\000u\000m}{section.2.1}% 5
\BOOKMARK [2][-]{subsection.2.1.3}{\376\377\000S\000m\000a\000r\000t\000\040\000C\000o\000n\000t\000r\000a\000c\000t\000s}{section.2.1}% 6
\BOOKMARK [1][-]{section.2.2}{\376\377\000V\000u\000l\000n\000e\000r\000a\000b\000i\000l\000i\000t\000Ã\000 \000\040\000n\000e\000g\000l\000i\000\040\000S\000m\000a\000r\000t\000\040\000C\000o\000n\000t\000r\000a\000c\000t\000s}{chapter.2}% 7
\BOOKMARK [2][-]{subsection.2.2.1}{\376\377\000R\000e\000e\000n\000t\000r\000a\000n\000c\000y}{section.2.2}% 8
\BOOKMARK [2][-]{subsection.2.2.2}{\376\377\000U\000n\000c\000h\000e\000c\000k\000e\000d\000-\000C\000a\000l\000l\000s}{section.2.2}% 9
\BOOKMARK [2][-]{subsection.2.2.3}{\376\377\000A\000r\000i\000t\000h\000m\000e\000t\000i\000c}{section.2.2}% 10
\BOOKMARK [2][-]{subsection.2.2.4}{\376\377\000O\000t\000h\000e\000r}{section.2.2}% 11
\BOOKMARK [1][-]{section.2.3}{\376\377\000L\000a\000v\000o\000r\000i\000\040\000C\000o\000r\000r\000e\000l\000a\000t\000i}{chapter.2}% 12
\BOOKMARK [0][-]{chapter.3}{\376\377\000M\000e\000t\000o\000d\000o\000l\000o\000g\000i\000a}{}% 13
\BOOKMARK [1][-]{section.3.1}{\376\377\000E\000s\000p\000l\000o\000r\000a\000z\000i\000o\000n\000e\000\040\000d\000e\000i\000\040\000d\000a\000t\000i}{chapter.3}% 14
\BOOKMARK [2][-]{subsection.3.1.1}{\376\377\000A\000n\000a\000l\000i\000s\000i\000\040\000d\000e\000l\000l\000e\000\040\000L\000u\000n\000g\000h\000e\000z\000z\000e\000\040\000d\000e\000i\000\040\000c\000o\000n\000t\000r\000a\000t\000t\000i}{section.3.1}% 15
\BOOKMARK [2][-]{subsection.3.1.2}{\376\377\000D\000i\000s\000t\000r\000i\000b\000u\000z\000i\000o\000n\000e\000\040\000d\000e\000l\000l\000e\000\040\000C\000l\000a\000s\000s\000i\000\040\000e\000\040\000M\000a\000t\000r\000i\000c\000i\000\040\000d\000i\000\040\000C\000o\000-\000o\000c\000c\000o\000r\000r\000e\000n\000z\000a}{section.3.1}% 16
\BOOKMARK [1][-]{section.3.2}{\376\377\000M\000o\000d\000e\000l\000l\000a\000z\000i\000o\000n\000e}{chapter.3}% 17
\BOOKMARK [2][-]{subsection.3.2.1}{\376\377\000N\000a\000t\000u\000r\000a\000l\000\040\000L\000a\000n\000g\000u\000a\000g\000e\000\040\000P\000r\000o\000c\000e\000s\000s\000i\000n\000g\000,\000\040\000N\000L\000P}{section.3.2}% 18
\BOOKMARK [2][-]{subsection.3.2.2}{\376\377\000B\000E\000R\000T\000,\000\040\000B\000i\000d\000i\000r\000e\000c\000t\000i\000o\000n\000a\000l\000\040\000E\000n\000c\000o\000d\000e\000r\000\040\000R\000e\000p\000r\000e\000s\000e\000n\000t\000a\000t\000i\000o\000n\000s\000\040\000f\000r\000o\000m\000\040\000T\000r\000a\000n\000s\000f\000o\000r\000m\000e\000r\000s}{section.3.2}% 19
\BOOKMARK [2][-]{subsection.3.2.3}{\376\377\000D\000i\000s\000t\000i\000l\000B\000E\000R\000T}{section.3.2}% 20
\BOOKMARK [2][-]{subsection.3.2.4}{\376\377\000R\000o\000B\000E\000R\000T\000a\000\040\000e\000\040\000C\000o\000d\000e\000B\000E\000R\000T}{section.3.2}% 21
\BOOKMARK [1][-]{section.3.3}{\376\377\000I\000m\000p\000l\000e\000m\000e\000n\000t\000a\000z\000i\000o\000n\000e}{chapter.3}% 22
\BOOKMARK [2][-]{subsection.3.3.1}{\376\377\000P\000r\000e\000-\000P\000r\000o\000c\000e\000s\000s\000i\000n\000g\000\040\000d\000e\000i\000\040\000D\000a\000t\000i}{section.3.3}% 23
\BOOKMARK [2][-]{subsection.3.3.2}{\376\377\000B\000E\000R\000T\000-\000b\000a\000s\000e}{section.3.3}% 24
\BOOKMARK [2][-]{subsection.3.3.3}{\376\377\000D\000i\000s\000t\000i\000l\000B\000E\000R\000T}{section.3.3}% 25
\BOOKMARK [2][-]{subsection.3.3.4}{\376\377\000C\000o\000d\000e\000B\000E\000R\000T}{section.3.3}% 26
\BOOKMARK [2][-]{subsection.3.3.5}{\376\377\000C\000o\000d\000e\000B\000E\000R\000T\000\040\000c\000o\000n\000\040\000a\000g\000g\000r\000e\000g\000a\000z\000i\000o\000n\000e}{section.3.3}% 27
\BOOKMARK [2][-]{subsection.3.3.6}{\376\377\000C\000o\000d\000e\000B\000e\000r\000t\000\040\000c\000o\000n\000\040\000c\000o\000n\000c\000a\000t\000e\000n\000a\000z\000i\000o\000n\000e}{section.3.3}% 28
\BOOKMARK [2][-]{subsection.3.3.7}{\376\377\000T\000r\000a\000i\000n\000\040\000e\000\040\000V\000a\000l\000i\000d\000a\000t\000i\000o\000n}{section.3.3}% 29
\BOOKMARK [1][-]{section.3.4}{\376\377\000G\000e\000m\000i\000n\000i}{chapter.3}% 30
\BOOKMARK [0][-]{chapter.4}{\376\377\000R\000e\000s\000u\000l\000t\000s}{}% 31
\BOOKMARK [1][-]{section.4.1}{\376\377\000M\000e\000t\000r\000i\000c\000h\000e\000\040\000d\000i\000\040\000V\000a\000l\000u\000t\000a\000z\000i\000o\000n\000e}{chapter.4}% 32
\BOOKMARK [1][-]{section.4.2}{\376\377\000R\000i\000s\000u\000l\000t\000a\000t\000i}{chapter.4}% 33
\BOOKMARK [2][-]{subsection.4.2.1}{\376\377\000R\000i\000s\000u\000l\000t\000a\000t\000i\000\040\000m\000o\000d\000e\000l\000l\000i\000\040\000s\000u\000l\000\040\000B\000y\000t\000e\000c\000o\000d\000e}{section.4.2}% 34
\BOOKMARK [2][-]{subsection.4.2.2}{\376\377\000R\000i\000s\000u\000l\000t\000a\000t\000i\000\040\000s\000u\000l\000\040\000C\000o\000d\000i\000c\000e\000\040\000S\000o\000r\000g\000e\000n\000t\000e\000\040\000S\000o\000l\000i\000d\000i\000t\000y}{section.4.2}% 35
\BOOKMARK [2][-]{subsection.4.2.3}{\376\377\000R\000i\000s\000u\000l\000t\000a\000t\000i\000\040\000G\000e\000m\000i\000n\000i}{section.4.2}% 36
\BOOKMARK [0][-]{chapter.5}{\376\377\000C\000o\000n\000c\000l\000u\000s\000i\000o\000n\000i}{}% 37
